[    0.000000] Initializing cgroup subsys cpuset
[    0.000000] Initializing cgroup subsys cpu
[    0.000000] Initializing cgroup subsys cpuacct
[    0.000000] Linux version 4.4.0-146-generic (buildd@lcy01-amd64-025) (gcc version 5.4.0 20160609 (Ubuntu 5.4.0-6ubuntu1~16.04.10) ) #172-Ubuntu SMP Wed Apr 3 09:00:08 UTC 2019 (Ubuntu 4.4.0-146.172-generic 4.4.177)
[    0.000000] Command line: BOOT_IMAGE=/boot/vmlinuz-4.4.0-146-generic root=LABEL=cloudimg-rootfs ro console=tty1 console=ttyS0
[    0.000000] KERNEL supported cpus:
[    0.000000]   Intel GenuineIntel
[    0.000000]   AMD AuthenticAMD
[    0.000000]   Centaur CentaurHauls
[    0.000000] x86/fpu: xstate_offset[2]:  576, xstate_sizes[2]:  256
[    0.000000] x86/fpu: Supporting XSAVE feature 0x01: 'x87 floating point registers'
[    0.000000] x86/fpu: Supporting XSAVE feature 0x02: 'SSE registers'
[    0.000000] x86/fpu: Supporting XSAVE feature 0x04: 'AVX registers'
[    0.000000] x86/fpu: Enabled xstate features 0x7, context size is 832 bytes, using 'standard' format.
[    0.000000] e820: BIOS-provided physical RAM map:
[    0.000000] BIOS-e820: [mem 0x0000000000000000-0x000000000009fbff] usable
[    0.000000] BIOS-e820: [mem 0x000000000009fc00-0x000000000009ffff] reserved
[    0.000000] BIOS-e820: [mem 0x00000000000f0000-0x00000000000fffff] reserved
[    0.000000] BIOS-e820: [mem 0x0000000000100000-0x000000003ffeffff] usable
[    0.000000] BIOS-e820: [mem 0x000000003fff0000-0x000000003fffffff] ACPI data
[    0.000000] BIOS-e820: [mem 0x00000000fec00000-0x00000000fec00fff] reserved
[    0.000000] BIOS-e820: [mem 0x00000000fee00000-0x00000000fee00fff] reserved
[    0.000000] BIOS-e820: [mem 0x00000000fffc0000-0x00000000ffffffff] reserved
[    0.000000] NX (Execute Disable) protection: active
[    0.000000] SMBIOS 2.5 present.
[    0.000000] Hypervisor detected: KVM
[    0.000000] e820: last_pfn = 0x3fff0 max_arch_pfn = 0x400000000
[    0.000000] MTRR: Disabled
[    0.000000] x86/PAT: MTRRs disabled, skipping PAT initialization too.
[    0.000000] CPU MTRRs all blank - virtualized system.
[    0.000000] x86/PAT: Configuration [0-7]: WB  WT  UC- UC  WB  WT  UC- UC  
[    0.000000] found SMP MP-table at [mem 0x0009fff0-0x0009ffff] mapped at [ffff88000009fff0]
[    0.000000] Scanning 1 areas for low memory corruption
[    0.000000] RAMDISK: [mem 0x362fa000-0x37174fff]
[    0.000000] ACPI: Early table checksum verification disabled
[    0.000000] ACPI: RSDP 0x00000000000E0000 000024 (v02 VBOX  )
[    0.000000] ACPI: XSDT 0x000000003FFF0030 00003C (v01 VBOX   VBOXXSDT 00000001 ASL  00000061)
[    0.000000] ACPI: FACP 0x000000003FFF00F0 0000F4 (v04 VBOX   VBOXFACP 00000001 ASL  00000061)
[    0.000000] ACPI: DSDT 0x000000003FFF0470 0022EA (v02 VBOX   VBOXBIOS 00000002 INTL 20100528)
[    0.000000] ACPI: FACS 0x000000003FFF0200 000040
[    0.000000] ACPI: FACS 0x000000003FFF0200 000040
[    0.000000] ACPI: APIC 0x000000003FFF0240 00005C (v02 VBOX   VBOXAPIC 00000001 ASL  00000061)
[    0.000000] ACPI: SSDT 0x000000003FFF02A0 0001CC (v01 VBOX   VBOXCPUT 00000002 INTL 20100528)
[    0.000000] No NUMA configuration found
[    0.000000] Faking a node at [mem 0x0000000000000000-0x000000003ffeffff]
[    0.000000] NODE_DATA(0) allocated [mem 0x3ffeb000-0x3ffeffff]
[    0.000000] kvm-clock: Using msrs 4b564d01 and 4b564d00
[    0.000000] kvm-clock: cpu 0, msr 0:3ffe3001, primary cpu clock
[    0.000000] kvm-clock: using sched offset of 5226188735 cycles
[    0.000000] clocksource: kvm-clock: mask: 0xffffffffffffffff max_cycles: 0x1cd42e4dffb, max_idle_ns: 881590591483 ns
[    0.000000] Zone ranges:
[    0.000000]   DMA      [mem 0x0000000000001000-0x0000000000ffffff]
[    0.000000]   DMA32    [mem 0x0000000001000000-0x000000003ffeffff]
[    0.000000]   Normal   empty
[    0.000000]   Device   empty
[    0.000000] Movable zone start for each node
[    0.000000] Early memory node ranges
[    0.000000]   node   0: [mem 0x0000000000001000-0x000000000009efff]
[    0.000000]   node   0: [mem 0x0000000000100000-0x000000003ffeffff]
[    0.000000] Initmem setup node 0 [mem 0x0000000000001000-0x000000003ffeffff]
[    0.000000] ACPI: PM-Timer IO Port: 0x4008
[    0.000000] IOAPIC[0]: apic_id 2, version 32, address 0xfec00000, GSI 0-23
[    0.000000] ACPI: INT_SRC_OVR (bus 0 bus_irq 0 global_irq 2 dfl dfl)
[    0.000000] ACPI: INT_SRC_OVR (bus 0 bus_irq 9 global_irq 9 low level)
[    0.000000] Using ACPI (MADT) for SMP configuration information
[    0.000000] smpboot: Allowing 2 CPUs, 0 hotplug CPUs
[    0.000000] PM: Registered nosave memory: [mem 0x00000000-0x00000fff]
[    0.000000] PM: Registered nosave memory: [mem 0x0009f000-0x0009ffff]
[    0.000000] PM: Registered nosave memory: [mem 0x000a0000-0x000effff]
[    0.000000] PM: Registered nosave memory: [mem 0x000f0000-0x000fffff]
[    0.000000] e820: [mem 0x40000000-0xfebfffff] available for PCI devices
[    0.000000] Booting paravirtualized kernel on KVM
[    0.000000] clocksource: refined-jiffies: mask: 0xffffffff max_cycles: 0xffffffff, max_idle_ns: 7645519600211568 ns
[    0.000000] setup_percpu: NR_CPUS:512 nr_cpumask_bits:512 nr_cpu_ids:2 nr_node_ids:1
[    0.000000] PERCPU: Embedded 34 pages/cpu @ffff88003fc00000 s99480 r8192 d31592 u1048576
[    0.000000] Built 1 zonelists in Node order, mobility grouping on.  Total pages: 257912
[    0.000000] Policy zone: DMA32
[    0.000000] Kernel command line: BOOT_IMAGE=/boot/vmlinuz-4.4.0-146-generic root=LABEL=cloudimg-rootfs ro console=tty1 console=ttyS0
[    0.000000] PID hash table entries: 4096 (order: 3, 32768 bytes)
[    0.000000] Memory: 997732K/1048120K available (8609K kernel code, 1334K rwdata, 4028K rodata, 1484K init, 1284K bss, 50388K reserved, 0K cma-reserved)
[    0.000000] SLUB: HWalign=64, Order=0-3, MinObjects=0, CPUs=2, Nodes=1
[    0.000000] Kernel/User page tables isolation: enabled
[    0.000000] Hierarchical RCU implementation.
[    0.000000] 	Build-time adjustment of leaf fanout to 64.
[    0.000000] 	RCU restricting CPUs from NR_CPUS=512 to nr_cpu_ids=2.
[    0.000000] RCU: Adjusting geometry for rcu_fanout_leaf=64, nr_cpu_ids=2
[    0.000000] NR_IRQS:33024 nr_irqs:440 16
[    0.000000] Console: colour VGA+ 80x25
[    0.000000] console [tty1] enabled
[    0.000000] console [ttyS0] enabled
[    0.000000] tsc: Detected 2593.988 MHz processor
[    0.357839] Calibrating delay loop (skipped) preset value.. 5187.97 BogoMIPS (lpj=10375952)
[    0.361407] pid_max: default: 32768 minimum: 301
[    0.363280] ACPI: Core revision 20150930
[    0.369062] ACPI: 2 ACPI AML tables successfully acquired and loaded
[    0.371629] Security Framework initialized
[    0.373396] Yama: becoming mindful.
[    0.374992] AppArmor: AppArmor initialized
[    0.376994] Dentry cache hash table entries: 131072 (order: 8, 1048576 bytes)
[    0.388912] Inode-cache hash table entries: 65536 (order: 7, 524288 bytes)
[    0.392214] Mount-cache hash table entries: 2048 (order: 2, 16384 bytes)
[    0.395259] Mountpoint-cache hash table entries: 2048 (order: 2, 16384 bytes)
[    0.398755] Initializing cgroup subsys io
[    0.400574] Initializing cgroup subsys memory
[    0.402396] Initializing cgroup subsys devices
[    0.404577] Initializing cgroup subsys freezer
[    0.406481] Initializing cgroup subsys net_cls
[    0.408341] Initializing cgroup subsys perf_event
[    0.410289] Initializing cgroup subsys net_prio
[    0.412158] Initializing cgroup subsys hugetlb
[    0.414156] Initializing cgroup subsys pids
[    0.416844] mce: CPU supports 0 MCE banks
[    0.418794] Last level iTLB entries: 4KB 1024, 2MB 1024, 4MB 1024
[    0.421623] Last level dTLB entries: 4KB 1024, 2MB 1024, 4MB 1024, 1GB 4
[    0.424559] Spectre V2 : Mitigation: Full generic retpoline
[    0.427168] Spectre V2 : Spectre v2 / SpectreRSB mitigation: Filling RSB on context switch
[    0.430677] Speculative Store Bypass: Vulnerable
[    0.438684] Freeing SMP alternatives memory: 36K
[    0.452269] ftrace: allocating 32287 entries in 127 pages
[    0.580653] smpboot: APIC(0) Converting physical 0 to logical package 0
[    0.583856] smpboot: Max logical packages: 1
[    0.586845] x2apic enabled
[    0.589441] Switched APIC routing to physical x2apic.
[    0.594979] ..TIMER: vector=0x30 apic1=0 pin1=2 apic2=-1 pin2=-1
[    0.705171] smpboot: CPU0: Intel(R) Core(TM) i5-4210M CPU @ 2.60GHz (family: 0x6, model: 0x3c, stepping: 0x3)
[    0.709342] Performance Events: unsupported p6 CPU model 60 no PMU driver, software events only.
[    0.728251] KVM setup paravirtual spinlock
[    0.731028] x86: Booting SMP configuration:
[    0.732782] .... node  #0, CPUs:      #1
[    0.734543] kvm-clock: cpu 1, msr 0:3ffe3041, secondary cpu clock
[    0.737217] mce: CPU supports 0 MCE banks
[    0.740398] x86: Booted up 1 node, 2 CPUs
[    0.742883] smpboot: Total of 2 processors activated (10375.95 BogoMIPS)
[    0.746031] devtmpfs: initialized
[    0.760619] evm: security.selinux
[    0.762249] evm: security.SMACK64
[    0.763928] evm: security.SMACK64EXEC
[    0.765637] evm: security.SMACK64TRANSMUTE
[    0.767397] evm: security.SMACK64MMAP
[    0.769072] evm: security.ima
[    0.770518] evm: security.capability
[    0.772512] clocksource: jiffies: mask: 0xffffffff max_cycles: 0xffffffff, max_idle_ns: 7645041785100000 ns
[    0.776476] futex hash table entries: 512 (order: 3, 32768 bytes)
[    0.779171] pinctrl core: initialized pinctrl subsystem
[    0.781535] RTC time:  3:17:16, date: 05/05/19
[    0.783753] NET: Registered protocol family 16
[    0.797327] cpuidle: using governor ladder
[    0.810255] cpuidle: using governor menu
[    0.812179] PCCT header not found.
[    0.814156] ACPI: bus type PCI registered
[    0.815870] acpiphp: ACPI Hot Plug PCI Controller Driver version: 0.5
[    0.818829] PCI: Using configuration type 1 for base access
[    0.835540] ACPI: Added _OSI(Module Device)
[    0.837549] ACPI: Added _OSI(Processor Device)
[    0.839446] ACPI: Added _OSI(3.0 _SCP Extensions)
[    0.841440] ACPI: Added _OSI(Processor Aggregator Device)
[    0.845193] ACPI: Executed 1 blocks of module-level executable AML code
[    0.853853] ACPI: Interpreter enabled
[    0.855481] ACPI: (supports S0 S5)
[    0.857092] ACPI: Using IOAPIC for interrupt routing
[    0.859446] PCI: Using host bridge windows from ACPI; if necessary, use "pci=nocrs" and report a bug
[    0.872584] ACPI: PCI Root Bridge [PCI0] (domain 0000 [bus 00-ff])
[    0.874998] acpi PNP0A03:00: _OSC: OS supports [ASPM ClockPM Segments MSI]
[    0.878593] acpi PNP0A03:00: _OSC: not requesting OS control; OS requires [ExtendedConfig ASPM ClockPM MSI]
[    0.882622] acpi PNP0A03:00: fail to add MMCONFIG information, can't access extended PCI configuration space under this bridge.
[    0.887495] PCI host bridge to bus 0000:00
[    0.889328] pci_bus 0000:00: root bus resource [io  0x0000-0x0cf7 window]
[    0.891903] pci_bus 0000:00: root bus resource [io  0x0d00-0xffff window]
[    0.894634] pci_bus 0000:00: root bus resource [mem 0x000a0000-0x000bffff window]
[    0.897929] pci_bus 0000:00: root bus resource [mem 0x40000000-0xfdffffff window]
[    0.901208] pci_bus 0000:00: root bus resource [bus 00-ff]
[    0.906542] pci 0000:00:01.1: legacy IDE quirk: reg 0x10: [io  0x01f0-0x01f7]
[    0.909157] pci 0000:00:01.1: legacy IDE quirk: reg 0x14: [io  0x03f6]
[    0.911652] pci 0000:00:01.1: legacy IDE quirk: reg 0x18: [io  0x0170-0x0177]
[    0.914651] pci 0000:00:01.1: legacy IDE quirk: reg 0x1c: [io  0x0376]
[    0.943157] pci 0000:00:07.0: quirk: [io  0x4000-0x403f] claimed by PIIX4 ACPI
[    0.946451] pci 0000:00:07.0: quirk: [io  0x4100-0x410f] claimed by PIIX4 SMB
[    0.986982] ACPI: PCI Interrupt Link [LNKA] (IRQs 5 9 10 *11)
[    0.990974] ACPI: PCI Interrupt Link [LNKB] (IRQs 5 9 *10 11)
[    0.994227] ACPI: PCI Interrupt Link [LNKC] (IRQs 5 *9 10 11)
[    0.997445] ACPI: PCI Interrupt Link [LNKD] (IRQs 5 9 10 *11)
[    1.000660] ACPI: Enabled 2 GPEs in block 00 to 07
[    1.003193] vgaarb: setting as boot device: PCI:0000:00:02.0
[    1.005632] vgaarb: device added: PCI:0000:00:02.0,decodes=io+mem,owns=io+mem,locks=none
[    1.009091] vgaarb: loaded
[    1.010511] vgaarb: bridge control possible 0000:00:02.0
[    1.013164] SCSI subsystem initialized
[    1.015260] ACPI: bus type USB registered
[    1.017139] usbcore: registered new interface driver usbfs
[    1.046957] usbcore: registered new interface driver hub
[    1.049111] usbcore: registered new device driver usb
[    1.051677] PCI: Using ACPI for IRQ routing
[    1.053991] NetLabel: Initializing
[    1.055534] NetLabel:  domain hash size = 128
[    1.057371] NetLabel:  protocols = UNLABELED CIPSOv4
[    1.076324] NetLabel:  unlabeled traffic allowed by default
[    1.078909] amd_nb: Cannot enumerate AMD northbridges
[    1.080973] clocksource: Switched to clocksource kvm-clock
[    1.120042] AppArmor: AppArmor Filesystem Enabled
[    1.122192] pnp: PnP ACPI init
[    1.125462] pnp: PnP ACPI: found 3 devices
[    1.138119] clocksource: acpi_pm: mask: 0xffffff max_cycles: 0xffffff, max_idle_ns: 2085701024 ns
[    1.141838] NET: Registered protocol family 2
[    1.144113] TCP established hash table entries: 8192 (order: 4, 65536 bytes)
[    1.146809] TCP bind hash table entries: 8192 (order: 5, 131072 bytes)
[    1.149341] TCP: Hash tables configured (established 8192 bind 8192)
[    1.151702] UDP hash table entries: 512 (order: 2, 16384 bytes)
[    1.154085] UDP-Lite hash table entries: 512 (order: 2, 16384 bytes)
[    1.156677] NET: Registered protocol family 1
[    1.158540] pci 0000:00:00.0: Limiting direct PCI/PCI transfers
[    1.160774] pci 0000:00:01.0: Activating ISA DMA hang workarounds
[    1.163290] Unpacking initramfs...
[    1.862667] Freeing initrd memory: 14828K
[    1.864707] RAPL PMU detected, API unit is 2^-32 Joules, 4 fixed counters 10737418240 ms ovfl timer
[    1.868368] hw unit of domain pp0-core 2^-0 Joules
[    1.870329] hw unit of domain package 2^-0 Joules
[    1.872195] hw unit of domain dram 2^-0 Joules
[    1.874064] hw unit of domain pp1-gpu 2^-0 Joules
[    1.876041] platform rtc_cmos: registered platform RTC device (no PNP device found)
[    1.879475] Scanning for low memory corruption every 60 seconds
[    1.882609] audit: initializing netlink subsys (disabled)
[    1.884797] audit: type=2000 audit(1557026243.103:1): initialized
[    1.887631] Initialise system trusted keyring
[    1.889750] HugeTLB registered 2 MB page size, pre-allocated 0 pages
[    1.895499] zbud: loaded
[    1.897590] VFS: Disk quotas dquot_6.6.0
[    1.899408] VFS: Dquot-cache hash table entries: 512 (order 0, 4096 bytes)
[    1.902602] squashfs: version 4.0 (2009/01/31) Phillip Lougher
[    1.905685] fuse init (API version 7.23)
[    1.907822] Key type big_key registered
[    1.909539] Allocating IMA MOK and blacklist keyrings.
[    1.912575] Key type asymmetric registered
[    1.914442] Asymmetric key parser 'x509' registered
[    1.916450] Block layer SCSI generic (bsg) driver version 0.4 loaded (major 249)
[    1.919768] io scheduler noop registered
[    1.921460] io scheduler deadline registered (default)
[    1.923525] io scheduler cfq registered
[    1.925375] pci_hotplug: PCI Hot Plug PCI Core version: 0.5
[    1.927523] pciehp: PCI Express Hot Plug Controller Driver version: 0.4
[    1.930113] ACPI: AC Adapter [AC] (on-line)
[    1.931998] input: Power Button as /devices/LNXSYSTM:00/LNXPWRBN:00/input/input0
[    1.935452] ACPI: Power Button [PWRF]
[    1.937351] input: Sleep Button as /devices/LNXSYSTM:00/LNXSLPBN:00/input/input1
[    1.940658] ACPI: Sleep Button [SLPF]
[    1.942723] GHES: HEST is not enabled!
[    1.944376] ACPI: Battery Slot [BAT0] (battery present)
[    1.947014] Serial: 8250/16550 driver, 32 ports, IRQ sharing enabled
[    1.970509] 00:02: ttyS0 at I/O 0x3f8 (irq = 4, base_baud = 115200) is a 16550A
[    1.978653] Linux agpgart interface v0.103
[    1.983632] loop: module loaded
[    1.986302] scsi host0: ata_piix
[    1.988311] scsi host1: ata_piix
[    1.990294] ata1: PATA max UDMA/33 cmd 0x1f0 ctl 0x3f6 bmdma 0xd000 irq 14
[    1.993059] ata2: PATA max UDMA/33 cmd 0x170 ctl 0x376 bmdma 0xd008 irq 15
[    1.996333] libphy: Fixed MDIO Bus: probed
[    1.998239] tun: Universal TUN/TAP device driver, 1.6
[    2.000337] tun: (C) 1999-2004 Max Krasnyansky <maxk@qualcomm.com>
[    2.002889] PPP generic driver version 2.4.2
[    2.004947] ehci_hcd: USB 2.0 'Enhanced' Host Controller (EHCI) Driver
[    2.007428] ehci-pci: EHCI PCI platform driver
[    2.009302] ehci-platform: EHCI generic platform driver
[    2.011382] ohci_hcd: USB 1.1 'Open' Host Controller (OHCI) Driver
[    2.013833] ohci-pci: OHCI PCI platform driver
[    2.015795] ohci-platform: OHCI generic platform driver
[    2.017964] uhci_hcd: USB Universal Host Controller Interface driver
[    2.020506] i8042: PNP: PS/2 Controller [PNP0303:PS2K,PNP0f03:PS2M] at 0x60,0x64 irq 1,12
[    2.024904] serio: i8042 KBD port at 0x60,0x64 irq 1
[    2.026998] serio: i8042 AUX port at 0x60,0x64 irq 12
[    2.029381] mousedev: PS/2 mouse device common for all mice
[    2.032129] input: AT Translated Set 2 keyboard as /devices/platform/i8042/serio0/input/input2
[    2.036488] rtc_cmos rtc_cmos: rtc core: registered rtc_cmos as rtc0
[    2.039141] rtc_cmos rtc_cmos: alarms up to one day, 114 bytes nvram
[    2.041525] i2c /dev entries driver
[    2.043224] device-mapper: uevent: version 1.0.3
[    2.045306] device-mapper: ioctl: 4.34.0-ioctl (2015-10-28) initialised: dm-devel@redhat.com
[    2.048776] ledtrig-cpu: registered to indicate activity on CPUs
[    2.051820] NET: Registered protocol family 10
[    2.054036] NET: Registered protocol family 17
[    2.055871] Key type dns_resolver registered
[    2.058340] registered taskstats version 1
[    2.060103] Loading compiled-in X.509 certificates
[    2.063074] Loaded X.509 cert 'Build time autogenerated kernel key: 4dcb2dc2c7cf43e0c20c44384f68683c20294489'
[    2.066933] zswap: loaded using pool lzo/zbud
[    2.070918] Key type trusted registered
[    2.076151] Key type encrypted registered
[    2.077901] AppArmor: AppArmor sha1 policy hashing enabled
[    2.080255] ima: No TPM chip found, activating TPM-bypass!
[    2.082412] ima: Allocated hash algorithm: sha1
[    2.084364] evm: HMAC attrs: 0x1
[    2.086490]   Magic number: 3:403:259
[    2.088294] rtc_cmos rtc_cmos: setting system clock to 2019-05-05 03:17:17 UTC (1557026237)
[    2.091985] BIOS EDD facility v0.16 2004-Jun-25, 0 devices found
[    2.094306] EDD information not available.
[    2.169717] Freeing unused kernel memory: 1484K
[    2.177371] Write protecting the kernel read-only data: 14336k
[    2.191892] Freeing unused kernel memory: 1620K
[    2.199654] Freeing unused kernel memory: 68K
Loading, please wait...
starting version 229
[    2.237198] random: systemd-udevd: uninitialized urandom read (16 bytes read, 3 bits of entropy available)
[    2.239435] random: udevadm: uninitialized urandom read (16 bytes read, 3 bits of entropy available)
[    2.239466] random: udevadm: uninitialized urandom read (16 bytes read, 3 bits of entropy available)
[    2.254586] random: systemd-udevd: uninitialized urandom read (16 bytes read, 3 bits of entropy available)
[    2.259651] random: systemd-udevd: uninitialized urandom read (16 bytes read, 3 bits of entropy available)
[    2.261410] random: udevadm: uninitialized urandom read (16 bytes read, 3 bits of entropy available)
[    2.261484] random: udevadm: uninitialized urandom read (16 bytes read, 3 bits of entropy available)
[    2.261747] random: udevadm: uninitialized urandom read (16 bytes read, 3 bits of entropy available)
[    2.261872] random: udevadm: uninitialized urandom read (16 bytes read, 3 bits of entropy available)
[    2.261989] random: udevadm: uninitialized urandom read (16 bytes read, 3 bits of entropy available)
[    2.332447] Fusion MPT base driver 3.04.20
[    2.334686] Copyright (c) 1999-2008 LSI Corporation
[    2.337245] e1000: Intel(R) PRO/1000 Network Driver - version 7.3.21-k8-NAPI
[    2.340415] e1000: Copyright (c) 1999-2006 Intel Corporation.
[    2.357926] Fusion MPT SPI Host driver 3.04.20
[    2.369050] mptbase: ioc0: Initiating bringup
[    2.407704] AVX2 version of gcm_enc/dec engaged.
[    2.410064] AES CTR mode by8 optimization enabled
[    2.434467] ioc0: LSI53C1030 A0: Capabilities={Initiator}
[    2.726366] input: ImExPS/2 Generic Explorer Mouse as /devices/platform/i8042/serio1/input/input4
[    3.681143] clocksource: tsc: mask: 0xffffffffffffffff max_cycles: 0x25640cb3a67, max_idle_ns: 440795258696 ns
[    3.799759] scsi host2: ioc0: LSI53C1030 A0, FwRev=00000000h, Ports=1, MaxQ=256, IRQ=20
[    4.742787] scsi 2:0:0:0: Direct-Access     VBOX     HARDDISK         1.0  PQ: 0 ANSI: 5
[    4.759997] scsi target2:0:0: Beginning Domain Validation
[    4.776192] scsi target2:0:0: Domain Validation skipping write tests
[    4.779922] scsi target2:0:0: Ending Domain Validation
[    4.783308] scsi target2:0:0: asynchronous
[    4.793369] scsi 2:0:1:0: Direct-Access     VBOX     HARDDISK         1.0  PQ: 0 ANSI: 5
[    4.799987] scsi target2:0:1: Beginning Domain Validation
[    4.806636] scsi target2:0:1: Domain Validation skipping write tests
[    4.809820] scsi target2:0:1: Ending Domain Validation
[    4.812413] scsi target2:0:1: asynchronous
[    4.863100] sd 2:0:0:0: Attached scsi generic sg0 type 0
[    4.865632] sd 2:0:0:0: [sda] 20971520 512-byte logical blocks: (10.7 GB/10.0 GiB)
[    4.870513] sd 2:0:1:0: [sdb] 20480 512-byte logical blocks: (10.5 MB/10.0 MiB)
[    4.874923] sd 2:0:1:0: Attached scsi generic sg1 type 0
[    4.877425] sd 2:0:1:0: [sdb] Write Protect is off
[    4.879488] sd 2:0:0:0: [sda] Write Protect is off
[    4.882303] sd 2:0:1:0: [sdb] Incomplete mode parameter data
[    4.885243] sd 2:0:1:0: [sdb] Assuming drive cache: write through
[    4.888156] sd 2:0:0:0: [sda] Incomplete mode parameter data
[    4.890754] sd 2:0:0:0: [sda] Assuming drive cache: write through
[    4.925281]  sda: sda1
[    4.928242] sd 2:0:1:0: [sdb] Attached SCSI disk
[    4.931260] sd 2:0:0:0: [sda] Attached SCSI disk
[    5.214859] e1000 0000:00:03.0 eth0: (PCI:33MHz:32-bit) 02:6d:cd:79:6e:19
[    5.217362] e1000 0000:00:03.0 eth0: Intel(R) PRO/1000 Network Connection
[    5.221100] e1000 0000:00:03.0 enp0s3: renamed from eth0
Begin: Loading essential drivers ... [    7.125216] md: linear personality registered for level -1
[    7.131182] md: multipath personality registered for level -4
[    7.137317] md: raid0 personality registered for level 0
[    7.144926] md: raid1 personality registered for level 1
[    7.217391] raid6: sse2x1   gen()  2552 MB/s
[    7.285260] raid6: sse2x1   xor()  1600 MB/s
[    7.353143] raid6: sse2x2   gen()  3987 MB/s
[    7.421415] raid6: sse2x2   xor()  3003 MB/s
[    7.489790] raid6: sse2x4   gen()  6874 MB/s
[    7.557145] raid6: sse2x4   xor()  3974 MB/s
[    7.625491] raid6: avx2x1   gen()  5452 MB/s
[    7.693843] raid6: avx2x2   gen() 10289 MB/s
[    7.761249] raid6: avx2x4   gen() 13266 MB/s
[    7.763096] raid6: using algorithm avx2x4 gen() 13266 MB/s
[    7.765314] raid6: using avx2x2 recovery algorithm
[    7.768907] xor: automatically using best checksumming function:
[    7.809037]    avx       : 16344.000 MB/sec
[    7.812846] async_tx: api initialized (async)
[    7.828172] md: raid6 personality registered for level 6
[    7.830708] md: raid5 personality registered for level 5
[    7.832757] md: raid4 personality registered for level 4
[    7.845921] md: raid10 personality registered for level 10
done.
Begin: Running /scripts/init-premount ... done.
Begin: Mounting root file system ... Begin: Running /scripts/local-top ... done.
Begin: Running /scripts/local-premount ... [    7.909878] Btrfs loaded
Scanning for Btrfs filesystems
done.
Warning: fsck not present, so skipping root file system
[    7.996197] EXT4-fs (sda1): mounted filesystem with ordered data mode. Opts: (null)
done.
Begin: Running /scripts/local-bottom ... done.
Begin: Running /scripts/init-bottom ... done.
[    8.588541] systemd[1]: systemd 229 running in system mode. (+PAM +AUDIT +SELINUX +IMA +APPARMOR +SMACK +SYSVINIT +UTMP +LIBCRYPTSETUP +GCRYPT +GNUTLS +ACL +XZ -LZ4 +SECCOMP +BLKID +ELFUTILS +KMOD -IDN)
[    8.608747] systemd[1]: Detected virtualization oracle.
[    8.615467] systemd[1]: Detected architecture x86-64.

Welcome to [1mUbuntu 16.04.6 LTS[0m!

[    8.645280] systemd[1]: Set hostname to <ubuntu>.
[    8.672181] systemd[1]: Initializing machine ID from random generator.
[    8.676695] systemd[1]: Installed transient /etc/machine-id file.
[    9.071088] random: nonblocking pool is initialized
[    9.637761] systemd[1]: Started Trigger resolvconf update for networkd DNS.
[[0;32m  OK  [0m] Started Trigger resolvconf update for networkd DNS.
[    9.643124] systemd[1]: Listening on /dev/initctl Compatibility Named Pipe.
[[0;32m  OK  [0m] Listening on /dev/initctl Compatibility Named Pipe.
[    9.647670] systemd[1]: Listening on Syslog Socket.
[[0;32m  OK  [0m] Listening on Syslog Socket.
[    9.651525] systemd[1]: Listening on Journal Audit Socket.
[[0;32m  OK  [0m] Listening on Journal Audit Socket.
[    9.655789] systemd[1]: Reached target Swap.
[[0;32m  OK  [0m] Reached target Swap.
[    9.659061] systemd[1]: Set up automount Arbitrary Executable File Formats File System Automount Point.
[[0;32m  OK  [0m] Set up automount Arbitrary Executab...ats File System Automount Point.
[    9.664887] systemd[1]: Listening on Journal Socket (/dev/log).
[[0;32m  OK  [0m] Listening on Journal Socket (/dev/log).
[    9.669252] systemd[1]: Created slice System Slice.
[[0;32m  OK  [0m] Created slice System Slice.
[    9.673128] systemd[1]: Created slice system-serial\x2dgetty.slice.
[[0;32m  OK  [0m] Created slice system-serial\x2dgetty.slice.
[    9.677446] systemd[1]: Reached target System Time Synchronized.
[[0;32m  OK  [0m] Reached target System Time Synchronized.
[    9.681272] systemd[1]: Listening on LVM2 poll daemon socket.
[[0;32m  OK  [0m] Listening on LVM2 poll daemon socket.
[    9.684995] systemd[1]: Listening on LVM2 metadata daemon socket.
[[0;32m  OK  [0m] Listening on LVM2 metadata daemon socket.
[    9.688830] systemd[1]: Listening on udev Kernel Socket.
[[0;32m  OK  [0m] Listening on udev Kernel Socket.
[    9.692275] systemd[1]: Listening on Device-mapper event daemon FIFOs.
[[0;32m  OK  [0m] Listening on Device-mapper event daemon FIFOs.
[    9.696628] systemd[1]: Reached target Encrypted Volumes.
[[0;32m  OK  [0m] Reached target Encrypted Volumes.
[    9.700638] systemd[1]: Created slice User and Session Slice.
[[0;32m  OK  [0m] Created slice User and Session Slice.
[    9.704740] systemd[1]: Listening on udev Control Socket.
[[0;32m  OK  [0m] Listening on udev Control Socket.
[    9.708321] systemd[1]: Started Forward Password Requests to Wall Directory Watch.
[[0;32m  OK  [0m] Started Forward Password Requests to Wall Directory Watch.
[    9.713422] systemd[1]: Reached target User and Group Name Lookups.
[[0;32m  OK  [0m] Reached target User and Group Name Lookups.
[    9.726168] systemd[1]: Listening on Journal Socket.
[[0;32m  OK  [0m] Listening on Journal Socket.
[    9.745857] systemd[1]: Starting Create list of required static device nodes for the current kernel...
         Starting Create list of required st... nodes for the current kernel...
[    9.753348] systemd[1]: Starting Remount Root and Kernel File Systems...
         Starting Remount Root and Kernel File Systems...
[    9.759095] systemd[1]: Mounting Debug File System...
         Mounting Debug File System...
[    9.763641] systemd[1]: Starting Uncomplicated firewall...
         Starting Uncomplicated firewall...
[    9.768305] systemd[1]: Mounting POSIX Message Queue File System...
         Mounting POSIX Message Queue File System...
[    9.829373] systemd[1]: Starting Load Kernel Modules...
         Starting Load Kernel Modules...
[    9.834164] systemd[1]: Starting Set console keymap...
         Starting Set console keymap...
[    9.839511] systemd[1]: Starting Journal Service...
         Starting Journal Service...
[    9.846074] systemd[1]: Mounting Huge Pages File System...
         Mounting Huge Pages File System...
[    9.851136] systemd[1]: Starting Nameserver information manager...
         Starting Nameserver information manager...
[    9.871842] systemd[1]: Starting Monitoring of LVM2 mirrors, snapshots etc. using dmeventd or progress polling...
[    9.876702] EXT4-fs (sda1): re-mounted. Opts: (null)
         Starting Monitoring of LVM2 mirrors... dmeventd or progress polling...
[    9.881608] systemd[1]: Reached target Slices.
[[0;32m  OK  [0m] Reached target Slices.
[    9.888302] systemd[1]: Mounted Debug File System.
[[0;32m  OK  [0m] Mounted Debug File System.
[    9.892442] systemd[1]: Mounted POSIX Message Queue File System.
[[0;32m  OK  [0m] Mounted POSIX Message Queue File System.
[    9.896819] systemd[1]: Mounted Huge Pages File System.
[[0;32m  OK  [0m] Mounted Huge Pages File System.
[    9.906103] systemd[1]: Started Create list of required static device nodes for the current kernel.
[[0;32m  OK  [0m] Started Create list of required sta...ce nodes for the current kernel.
[    9.913412] systemd[1]: Started Remount Root and Kernel File Systems.
[[0;32m  OK  [0m] Started Remount Root and Kernel File Systems.
[    9.918822] systemd[1]: Started Uncomplicated firewall.
[[0;32m  OK  [0m] Started Uncomplicated firewall.
[   10.001724] systemd[1]: Started Nameserver information manager.
[[0;32m  OK  [0m] Started Nameserver information manager.
[   10.019348] Loading iSCSI transport class v2.0-870.
[   10.062960] iscsi: registered transport (tcp)
[   10.085223] systemd[1]: Starting Load/Save Random Seed...
         Starting Load/Save Random Seed...
[   10.099352] systemd[1]: Starting udev Coldplug all Devices...
         Starting udev Coldplug all Devices...
[   10.104980] systemd[1]: Starting Create Static Device Nodes in /dev...
         Starting Create Static Device Nodes in /dev...
[   10.161984] systemd[1]: Started LVM2 metadata daemon.
[[0;32m  OK  [0m] Started LVM2 metadata daemon.
[   10.167412] systemd[1]: Started Load/Save Random Seed.
[[0;32m  OK  [0m] Started Load/Save Random Seed.
[   10.191063] systemd[1]: Started Journal Service.
[[0;32m  OK  [0m] Started Journal Service.
         Starting Flush Journal to Persistent Storage...
[   10.294133] systemd-journald[390]: Received request to flush runtime journal from PID 1
[[0;32m  OK  [0m] Started Flush Journal to Persistent Storage.
[[0;32m  OK  [0m] Started Set console keymap.
[[0;32m  OK  [0m] Started udev Coldplug all Devices.
[   10.401187] iscsi: registered transport (iser)
[[0;32m  OK  [0m] Started Load Kernel Modules.
         Starting Apply Kernel Variables...
         Mounting FUSE Control File System...
[[0;32m  OK  [0m] Mounted FUSE Control File System.
[[0;32m  OK  [0m] Started Apply Kernel Variables.
[[0;32m  OK  [0m] Started Monitoring of LVM2 mirrors,...ng dmeventd or progress polling.
[[0;32m  OK  [0m] Started Create Static Device Nodes in /dev.
[[0;32m  OK  [0m] Reached target Local File Systems (Pre).
[[0;32m  OK  [0m] Reached target Local File Systems.
         Starting Create Volatile Files and Directories...
         Starting Initial cloud-init job (pre-networking)...
         Starting LSB: AppArmor initialization...
         Starting Tell Plymouth To Write Out Runtime Data...
         Starting Commit a transient machine-id on disk...
         Starting Set console font and keymap...
         Starting udev Kernel Device Manager...
[[0;32m  OK  [0m] Started Commit a transient machine-id on disk.
[[0;32m  OK  [0m] Started Create Volatile Files and Directories.
         Starting Update UTMP about System Boot/Shutdown...
[[0;32m  OK  [0m] Started Update UTMP about System Boot/Shutdown.
[[0;32m  OK  [0m] Started Tell Plymouth To Write Out Runtime Data.
[[0;32m  OK  [0m] Started udev Kernel Device Manager.
[[0;32m  OK  [0m] Started Dispatch Password Requests to Console Directory Watch.
[[0;32m  OK  [0m] Found device /dev/ttyS0.
[[0;32m  OK  [0m] Listening on Load/Save RF Kill Switch Status /dev/rfkill Watch.
[[0;32m  OK  [0m] Started Set console font and keymap.
[[0;32m  OK  [0m] Created slice system-getty.slice.
[[0;32m  OK  [0m] Started LSB: AppArmor initialization.
[   16.421678] cloud-init[468]: Cloud-init v. 18.5-45-g3554ffe8-0ubuntu1~16.04.1 running 'init-local' at Sun, 05 May 2019 03:17:30 +0000. Up 14.95 seconds.
[[0;32m  OK  [0m] Started Initial cloud-init job (pre-networking).
[[0;32m  OK  [0m] Reached target Network (Pre).
         Starting Raise network interfaces...
[[0;32m  OK  [0m] Started Raise network interfaces.
         Starting Initial cloud-init job (metadata service crawler)...
[[0;32m  OK  [0m] Reached target Network.
[   21.251443] cloud-init[949]: Cloud-init v. 18.5-45-g3554ffe8-0ubuntu1~16.04.1 running 'init' at Sun, 05 May 2019 03:17:33 +0000. Up 17.94 seconds.
[   21.255292] cloud-init[949]: ci-info: ++++++++++++++++++++++++++++++++++++++Net device info++++++++++++++++++++++++++++++++++++++
[   21.262896] cloud-init[949]: ci-info: +--------+------+----------------------------+---------------+--------+-------------------+
[   21.267181] cloud-init[949]: ci-info: | Device |  Up  |          Address           |      Mask     | Scope  |     Hw-Address    |
[   21.272360] cloud-init[949]: ci-info: +--------+------+----------------------------+---------------+--------+-------------------+
[   21.281913] cloud-init[949]: ci-info: | enp0s3 | True |         10.0.2.15          | 255.255.255.0 | global | 02:6d:cd:79:6e:19 |
[   21.286174] cloud-init[949]: ci-info: | enp0s3 | True | fe80::6d:cdff:fe79:6e19/64 |       .       |  link  | 02:6d:cd:79:6e:19 |
[   21.290900] cloud-init[949]: ci-info: |   lo   | True |         127.0.0.1          |   255.0.0.0   |  host  |         .         |
[   21.296847] cloud-init[949]: ci-info: |   lo   | True |          ::1/128           |       .       |  host  |         .         |
[   21.300875] cloud-init[949]: ci-info: +--------+------+----------------------------+---------------+--------+-------------------+
[   21.304619] cloud-init[949]: ci-info: +++++++++++++++++++++++++++Route IPv4 info++++++++++++++++++++++++++++
[   21.312143] cloud-init[949]: ci-info: +-------+-------------+----------+---------------+-----------+-------+
[   21.315337] cloud-init[949]: ci-info: | Route | Destination | Gateway  |    Genmask    | Interface | Flags |
[   21.318359] cloud-init[949]: ci-info: +-------+-------------+----------+---------------+-----------+-------+
[   21.322817] cloud-init[949]: ci-info: |   0   |   0.0.0.0   | 10.0.2.2 |    0.0.0.0    |   enp0s3  |   UG  |
[   21.329260] cloud-init[949]: ci-info: |   1   |   10.0.2.0  | 0.0.0.0  | 255.255.255.0 |   enp0s3  |   U   |
[   21.332691] cloud-init[949]: ci-info: +-------+-------------+----------+---------------+-----------+-------+
[   21.336096] cloud-init[949]: ci-info: +++++++++++++++++++Route IPv6 info+++++++++++++++++++
[   21.342921] cloud-init[949]: ci-info: +-------+-------------+---------+-----------+-------+
[   21.345956] cloud-init[949]: ci-info: | Route | Destination | Gateway | Interface | Flags |
[   21.352792] cloud-init[949]: ci-info: +-------+-------------+---------+-----------+-------+
[   21.362315] cloud-init[949]: ci-info: |   0   |  fe80::/64  |    ::   |   enp0s3  |   U   |
[   21.365919] cloud-init[949]: ci-info: |   3   |   ff00::/8  |    ::   |   enp0s3  |   U   |
[   21.368987] cloud-init[949]: ci-info: +-------+-------------+---------+-----------+-------+
[   21.372743] cloud-init[949]: Generating public/private rsa key pair.
[   21.384945] cloud-init[949]: Your identification has been saved in /etc/ssh/ssh_host_rsa_key.
[   21.393842] cloud-init[949]: Your public key has been saved in /etc/ssh/ssh_host_rsa_key.pub.
[   21.401553] cloud-init[949]: The key fingerprint is:
[   21.403602] cloud-init[949]: SHA256:VGwHLkO46gmuljgMG1LlLtUiy/bYKLtL3Wc+Q3xRLN8 root@ubuntu-xenial
[   21.413576] cloud-init[949]: The key's randomart image is:
[   21.415871] cloud-init[949]: +---[RSA 2048]----+
[   21.418060] cloud-init[949]: |       ...+.     |
[   21.420617] cloud-init[949]: |    . .. +oo.    |
[   21.423309] cloud-init[949]: |   o . .+.=..    |
[   21.426143] cloud-init[949]: |  o + o. + . E   |
[   21.429376] cloud-init[949]: | o = o. S .      |
[   21.431785] cloud-init[949]: |+ B +  o .       |
[   21.441286] cloud-init[949]: |=*.X o.o.        |
[   21.452814] cloud-init[949]: |*++ = +o         |
[   21.455134] cloud-init[949]: |*B     .o        |
[   21.463925] cloud-init[949]: +----[SHA256]-----+
[   21.466207] cloud-init[949]: Generating public/private dsa key pair.
[   21.469464] cloud-init[949]: Your identification has been saved in /etc/ssh/ssh_host_dsa_key.
[   21.482286] cloud-init[949]: Your public key has been saved in /etc/ssh/ssh_host_dsa_key.pub.
[   21.486538] cloud-init[949]: The key fingerprint is:
[   21.490428] cloud-init[949]: SHA256:52Xre4ZGc+mvRp+g0qs8gu8Qh7BUd4QRy+p1r5VF4G4 root@ubuntu-xenial
[   21.498640] cloud-init[949]: The key's randomart image is:
[   21.501497] cloud-init[949]: +---[DSA 1024]----+
[   21.504398] cloud-init[949]: |     . +=o .     |
[   21.511362] cloud-init[949]: |    . o.o . .    |
[   21.514405] cloud-init[949]: |   o   o   . .   |
[   21.517084] cloud-init[949]: |  . o o   . .    |
[   21.519139] cloud-init[949]: |   . + oS..Eo. . |
[   21.525164] cloud-init[949]: |    . + .ooo=o+  |
[   21.527534] cloud-init[949]: |     o.   o=o*...|
[   21.533102] cloud-init[949]: |     ....oo+o =..|
[   21.537447] cloud-init[949]: |      oo.++o+=.o.|
[   21.544862] cloud-init[949]: +----[SHA256]-----+
[   21.549485] cloud-init[949]: Generating public/private ecdsa key pair.
[   21.553061] cloud-init[949]: Your identification has been saved in /etc/ssh/ssh_host_ecdsa_key.
[   21.564906] cloud-init[949]: Your public key has been saved in /etc/ssh/ssh_host_ecdsa_key.pub.
[   21.569049] cloud-init[949]: The key fingerprint is:
[   21.571966] cloud-init[949]: SHA256:B37ndsH22BKkoxqLd7eHRBw/Kq8UoANcO+ZhItWBaPQ root@ubuntu-xenial
[   21.578933] cloud-init[949]: The key's randomart image is:
[   21.584345] cloud-init[949]: +---[ECDSA 256]---+
[   21.592661] cloud-init[949]: | ....oo.         |
[   21.595312] cloud-init[949]: |  o+....    .    |
[   21.605219] cloud-init[949]: | .. E * o  . o.  |
[   21.609459] cloud-init[949]: |   . * = o  o+o  |
[   21.615502] cloud-init[949]: |      + S +.+.=. |
[   21.616363] cloud-init[949]: |       . o.=oo * |
[   21.617645] cloud-init[949]: |        . o+o.+ o|
[   21.619016] cloud-init[949]: |       ..=..+... |
[   21.619868] cloud-init[949]: |      ..o..o.o   |
[[0;32m  OK  [0m] Started Initial cloud-init job (metadata service crawler).
[   21.621476] cloud-init[949]: +----[SHA256]-----+
[   21.644968] cloud-init[949]: Generating public/private ed25519 key pair.
[   21.645353] cloud-init[949]: Your identification has been saved in /etc/ssh/ssh_host_ed25519_key.
[   21.646223] cloud-init[949]: Your public key has been saved in /etc/ssh/ssh_host_ed25519_key.pub.
[[0;32m  OK  [0m] Reached target Cloud-config availability.
[   21.646728] cloud-init[949]: The key fingerprint is:
[   21.653302] cloud-init[949]: SHA256:cjh7WuPTPG+TJcDk2YSFbizqS4RV09pUE2LmIG06FP0 root@ubuntu-xenial
[[0;32m  OK  [0m] Reached target Network is Online.
[   21.653502] cloud-init[949]: The key's randomart image is:
[   21.662895] cloud-init[949]: +--[ED25519 256]--+
[   21.665319] cloud-init[949]: |      o++.+==.   |
[   21.677152] cloud-init[949]: |      .o+**...   |
[   21.678862] cloud-init[949]: |     ..o @.+     |
[   21.681376] cloud-init[949]: |     oo.o E .    |
[   21.681762] cloud-init[949]: |    . =oSo .     |
[   21.682031] cloud-init[949]: |     ..=    . .  |
[   21.682128] cloud-init[949]: |     .o +o   +   |
[   21.682231] cloud-init[949]: |     ..=..+ +    |
         Starting iSCSI initiator daemon (iscsid)...
[[0;32m  OK  [0m] Reached target System Initialization.
[   21.683238] cloud-init[949]: |      o... +..   |
[   21.694458] cloud-init[949]: +----[SHA256]-----+
[[0;32m  OK  [0m] Started ACPI Events Check.
[[0;32m  OK  [0m] Reached target Paths.
         Starting LXD - unix socket.
[[0;32m  OK  [0m] Listening on ACPID Listen Socket.
[[0;32m  OK  [0m] Listening on UUID daemon activation socket.
[[0;32m  OK  [0m] Listening on D-Bus System Message Bus Socket.
         Starting Socket activation for snappy daemon.
[[0;32m  OK  [0m] Started Daily apt download activities.
[[0;32m  OK  [0m] Started Daily apt upgrade and clean activities.
[[0;32m  OK  [0m] Started Daily Cleanup of Temporary Directories.
[[0;32m  OK  [0m] Reached target Timers.
[[0;32m  OK  [0m] Listening on LXD - unix socket.
[[0;32m  OK  [0m] Listening on Socket activation for snappy daemon.
[[0;32m  OK  [0m] Reached target Sockets.
[[0;32m  OK  [0m] Reached target Basic System.
         Starting System Logging Service...
         Starting Accounts Service...
[[0;32m  OK  [0m] Started ACPI event daemon.
         Starting Virtualbox guest utils...
         Starting Pollinate to seed the pseudo random number generator...
[[0;32m  OK  [0m] Started FUSE filesystem for LXC.
         Starting LSB: Record successful boot for GRUB...
         Starting LXD - container startup/shutdown...
[[0;32m  OK  [0m] Started Deferred execution scheduler.
         Starting /etc/rc.local Compatibility...
         Starting Snappy daemon...
[[0;32m  OK  [0m] Started D-Bus System Message Bus.
         Starting LSB: MD monitoring daemon...
         Starting Login Service...
[[0;32m  OK  [0m] Started Regular background program processing daemon.
[[0;32m  OK  [0m] Started System Logging Service.
[[0;32m  OK  [0m] Started /etc/rc.local Compatibility.
[[0;32m  OK  [0m] Started iSCSI initiator daemon (iscsid).
         Starting Login to default iSCSI targets...
[[0;32m  OK  [0m] Started LSB: Record successful boot for GRUB.
[[0;32m  OK  [0m] Started Login Service.
[[0;32m  OK  [0m] Started Unattended Upgrades Shutdown.
[[0;32m  OK  [0m] Started LSB: MD monitoring daemon.
         Starting Authenticate and Authorize Users to Run Privileged Tasks...
[[0;32m  OK  [0m] Started Login to default iSCSI targets.
[[0;32m  OK  [0m] Reached target Remote File Systems (Pre).
[[0;32m  OK  [0m] Reached target Remote File Systems.
         Starting LSB: daemon to balance interrupts for SMP systems...
         Starting Permit User Sessions...
         Starting LSB: Set the CPU Frequency Scaling governor to "ondemand"...
         Starting LSB: automatic crash report generation...
[[0;32m  OK  [0m] Started LSB: Set the CPU Frequency Scaling governor to "ondemand".
[[0;32m  OK  [0m] Started Permit User Sessions.
         Starting Terminate Plymouth Boot Screen...
         Starting Hold until boot process finishes up...
[[0;32m  OK  [0m] Started Hold until boot process finishes up.
[[0;32m  OK  [0m] Started Terminate Plymouth Boot Screen.
[[0;32m  OK  [0m] Started LSB: daemon to balance interrupts for SMP systems.
[[0;32m  OK  [0m] Started Getty on tty1.
[[0;32m  OK  [0m] Started Serial Getty on ttyS0.
[[0;32m  OK  [0m] Reached target Login Prompts.
         Starting Set console scheme...
[[0;32m  OK  [0m] Started LSB: automatic crash report generation.
[[0;32m  OK  [0m] Started Set console scheme.
[[0;32m  OK  [0m] Started Authenticate and Authorize Users to Run Privileged Tasks.
[[0;32m  OK  [0m] Started Accounts Service.
[[0;32m  OK  [0m] Started Virtualbox guest utils.
[[0;32m  OK  [0m] Started Snappy daemon.
         Starting Wait until snapd is fully seeded...
[[0;32m  OK  [0m] Started LXD - container startup/shutdown.
[[0;32m  OK  [0m] Started Pollinate to seed the pseudo random number generator.
         Starting OpenBSD Secure Shell server...
[[0;32m  OK  [0m] Started OpenBSD Secure Shell server.

Ubuntu 16.04.6 LTS ubuntu-xenial ttyS0

ubuntu-xenial login: [   32.021461] cloud-init[1367]: Generating locales (this might take a while)...
[   35.489696] cloud-init[1367]:   en_US.UTF-8... done
[   35.491239] cloud-init[1367]: Generation complete.
[   37.699484] cloud-init[1367]: Cloud-init v. 18.5-45-g3554ffe8-0ubuntu1~16.04.1 running 'modules:config' at Sun, 05 May 2019 03:17:47 +0000. Up 31.40 seconds.
ci-info: no authorized ssh keys fingerprints found for user ubuntu.
<14>May  5 03:17:55 ec2: 
<14>May  5 03:17:55 ec2: #############################################################
<14>May  5 03:17:55 ec2: -----BEGIN SSH HOST KEY FINGERPRINTS-----
<14>May  5 03:17:55 ec2: 1024 SHA256:52Xre4ZGc+mvRp+g0qs8gu8Qh7BUd4QRy+p1r5VF4G4 root@ubuntu-xenial (DSA)
<14>May  5 03:17:55 ec2: 256 SHA256:B37ndsH22BKkoxqLd7eHRBw/Kq8UoANcO+ZhItWBaPQ root@ubuntu-xenial (ECDSA)
<14>May  5 03:17:55 ec2: 256 SHA256:cjh7WuPTPG+TJcDk2YSFbizqS4RV09pUE2LmIG06FP0 root@ubuntu-xenial (ED25519)
<14>May  5 03:17:55 ec2: 2048 SHA256:VGwHLkO46gmuljgMG1LlLtUiy/bYKLtL3Wc+Q3xRLN8 root@ubuntu-xenial (RSA)
<14>May  5 03:17:55 ec2: -----END SSH HOST KEY FINGERPRINTS-----
<14>May  5 03:17:55 ec2: #############################################################
-----BEGIN SSH HOST KEY KEYS-----
ecdsa-sha2-nistp256 AAAAE2VjZHNhLXNoYTItbmlzdHAyNTYAAAAIbmlzdHAyNTYAAABBBDrF9Oz48ni9AMkLNXV1H9YHlujXPhtrfKVstPCGbu/knUdijgM03rEJmgSSuvjvO1hVrG43Hhiv9VHbjO3SQz0= root@ubuntu-xenial
ssh-ed25519 AAAAC3NzaC1lZDI1NTE5AAAAICQ8/iyvKEK4oLoO5nkXMudOzLAxeIHLh3q8wLrMYMNQ root@ubuntu-xenial
ssh-rsa AAAAB3NzaC1yc2EAAAADAQABAAABAQDSjk+gRfrV7lw8PJIUPWesagLTJPMdgfcoyLe1JF/DbjUNiCMQsJJDqxrECrasHKpMPNYdpbK96eaoMiWqUkISIngOSIXeWV3YfADd7ziqFFwc5j+DYI0Wr+zgp7TA/kyGF22Vc5o0CYTE6DzQodFOPxt60KWeEA2bGjLrU5S05wJQ1jURSLQCVxITQ8OvopmOg2YRmEZjrVDmajiUsnbSUEI17Qjk8GtfweSYUNs4T/DD4O9ruksLxtTgWY3gaGBRms+LZUeTQxD1XTk+cWa2n7fobT57/WB5TiFogJ8ATqtowauDagS7vt5wo/KKCOySsZgg1rXVgTUA+87ioAeZ root@ubuntu-xenial
-----END SSH HOST KEY KEYS-----
[   39.600618] cloud-init[1604]: Cloud-init v. 18.5-45-g3554ffe8-0ubuntu1~16.04.1 running 'modules:final' at Sun, 05 May 2019 03:17:55 +0000. Up 38.98 seconds.
[   39.602407] cloud-init[1604]: ci-info: no authorized ssh keys fingerprints found for user ubuntu.
[   39.603599] cloud-init[1604]: Cloud-init v. 18.5-45-g3554ffe8-0ubuntu1~16.04.1 finished at Sun, 05 May 2019 03:17:55 +0000. Datasource DataSourceNoCloud [seed=/dev/sdb][dsmode=net].  Up 39.57 seconds
[ 1455.871252] e1000 0000:00:03.0 enp0s3: Detected Tx Unit Hang
[ 1455.871252]   Tx Queue             <0>
[ 1455.871252]   TDH                  <fd>
[ 1455.871252]   TDT                  <ff>
[ 1455.871252]   next_to_use          <ff>
[ 1455.871252]   next_to_clean        <fd>
[ 1455.871252] buffer_info[next_to_clean]
[ 1455.871252]   time_stamp           <10004661b>
[ 1455.871252]   next_to_watch        <fe>
[ 1455.871252]   jiffies              <1000468e1>
[ 1455.871252]   next_to_watch.status <0>
[ 1457.895675] e1000 0000:00:03.0 enp0s3: Detected Tx Unit Hang
[ 1457.895675]   Tx Queue             <0>
[ 1457.895675]   TDH                  <fd>
[ 1457.895675]   TDT                  <ff>
[ 1457.895675]   next_to_use          <ff>
[ 1457.895675]   next_to_clean        <fd>
[ 1457.895675] buffer_info[next_to_clean]
[ 1457.895675]   time_stamp           <10004661b>
[ 1457.895675]   next_to_watch        <fe>
[ 1457.895675]   jiffies              <100046adb>
[ 1457.895675]   next_to_watch.status <0>
[ 1459.938358] e1000 0000:00:03.0 enp0s3: Detected Tx Unit Hang
[ 1459.938358]   Tx Queue             <0>
[ 1459.938358]   TDH                  <fd>
[ 1459.938358]   TDT                  <ff>
[ 1459.938358]   next_to_use          <ff>
[ 1459.938358]   next_to_clean        <fd>
[ 1459.938358] buffer_info[next_to_clean]
[ 1459.938358]   time_stamp           <10004661b>
[ 1459.938358]   next_to_watch        <fe>
[ 1459.938358]   jiffies              <100046cda>
[ 1459.938358]   next_to_watch.status <0>
[ 1461.704258] e1000 0000:00:03.0 enp0s3: Reset adapter
